SQLITE_32BIT_ROWID
SQLITE_3_SUFFIX_ONLY
SQLITE_4_BYTE_ALIGNED_MALLOC
SQLITE_64BIT_STATS
SQLITE_ABORT
SQLITE_ABORT_ROLLBACK
SQLITE_ACCESS_EXISTS
SQLITE_ACCESS_READ
SQLITE_ACCESS_READWRITE
SQLITE_AFF_BLOB
SQLITE_AFF_FLEXNUM
SQLITE_AFF_INTEGER
SQLITE_AFF_MASK
SQLITE_AFF_NONE
SQLITE_AFF_NUMERIC
SQLITE_AFF_REAL
SQLITE_AFF_TEXT
SQLITE_ALLOW_COVERING_INDEX_SCAN
SQLITE_ALLOW_ROWID_IN_VIEW
SQLITE_ALLOW_URI_AUTHORITY
SQLITE_ALTER_TABLE
SQLITE_AMALGAMATION
SQLITE_ANALYZE
SQLITE_ANY
SQLITE_API
SQLITE_APICALL
SQLITE_ASCII
SQLITE_ASSERT_NO_FILES
SQLITE_ATOMIC_INTRINSICS
SQLITE_ATTACH
SQLITE_AUTH
SQLITE_AUTH_USER
SQLITE_BIGENDIAN
SQLITE_BIG_DBL
SQLITE_BITMASK_TYPE
SQLITE_BLDF1_INDEXED
SQLITE_BLDF1_UNIQUE
SQLITE_BLDF2_2NDPASS
SQLITE_BLOB
SQLITE_BTREE_H
SQLITE_BUG_COMPATIBLE_20160819
SQLITE_BUSY
SQLITE_BUSY_RECOVERY
SQLITE_BUSY_SNAPSHOT
SQLITE_BUSY_TIMEOUT
SQLITE_BYTEORDER
SQLITE_CALLBACK
SQLITE_CANTOPEN
SQLITE_CANTOPEN_BKPT
SQLITE_CANTOPEN_CONVPATH
SQLITE_CANTOPEN_DIRTYWAL
SQLITE_CANTOPEN_FULLPATH
SQLITE_CANTOPEN_ISDIR
SQLITE_CANTOPEN_NOTEMPDIR
SQLITE_CANTOPEN_SYMLINK
SQLITE_CASE_SENSITIVE_LIKE
SQLITE_CDECL
SQLITE_CHANGESETAPPLY_INVERT
SQLITE_CHANGESETAPPLY_NOSAVEPOINT
SQLITE_CHANGESETSTART_INVERT
SQLITE_CHANGESET_ABORT
SQLITE_CHANGESET_CONFLICT
SQLITE_CHANGESET_CONSTRAINT
SQLITE_CHANGESET_DATA
SQLITE_CHANGESET_FOREIGN_KEY
SQLITE_CHANGESET_NOTFOUND
SQLITE_CHANGESET_OMIT
SQLITE_CHANGESET_REPLACE
SQLITE_CHECKPOINT_FULL
SQLITE_CHECKPOINT_PASSIVE
SQLITE_CHECKPOINT_RESTART
SQLITE_CHECKPOINT_TRUNCATE
SQLITE_CHECK_PAGES
SQLITE_CONFIG_COVERING_INDEX_SCAN
SQLITE_CONFIG_GETMALLOC
SQLITE_CONFIG_GETMUTEX
SQLITE_CONFIG_GETPCACHE
SQLITE_CONFIG_GETPCACHE2
SQLITE_CONFIG_HEAP
SQLITE_CONFIG_LOG
SQLITE_CONFIG_LOOKASIDE
SQLITE_CONFIG_MALLOC
SQLITE_CONFIG_MEMDB_MAXSIZE
SQLITE_CONFIG_MEMSTATUS
SQLITE_CONFIG_MMAP_SIZE
SQLITE_CONFIG_MULTITHREAD
SQLITE_CONFIG_MUTEX
SQLITE_CONFIG_PAGECACHE
SQLITE_CONFIG_PCACHE
SQLITE_CONFIG_PCACHE2
SQLITE_CONFIG_PCACHE_HDRSZ
SQLITE_CONFIG_PMASZ
SQLITE_CONFIG_SCRATCH
SQLITE_CONFIG_SERIALIZED
SQLITE_CONFIG_SINGLETHREAD
SQLITE_CONFIG_SMALL_MALLOC
SQLITE_CONFIG_SORTERREF_SIZE
SQLITE_CONFIG_SQLLOG
SQLITE_CONFIG_STMTJRNL_SPILL
SQLITE_CONFIG_URI
SQLITE_CONFIG_WIN32_HEAPSIZE
SQLITE_CONSTRAINT
SQLITE_CONSTRAINT_CHECK
SQLITE_CONSTRAINT_COMMITHOOK
SQLITE_CONSTRAINT_DATATYPE
SQLITE_CONSTRAINT_FOREIGNKEY
SQLITE_CONSTRAINT_FUNCTION
SQLITE_CONSTRAINT_NOTNULL
SQLITE_CONSTRAINT_PINNED
SQLITE_CONSTRAINT_PRIMARYKEY
SQLITE_CONSTRAINT_ROWID
SQLITE_CONSTRAINT_TRIGGER
SQLITE_CONSTRAINT_UNIQUE
SQLITE_CONSTRAINT_VTAB
SQLITE_COPY
SQLITE_CORE
SQLITE_CORRUPT
SQLITE_CORRUPT_BKPT
SQLITE_CORRUPT_INDEX
SQLITE_CORRUPT_PAGE
SQLITE_CORRUPT_PGNO
SQLITE_CORRUPT_SEQUENCE
SQLITE_CORRUPT_VTAB
SQLITE_COUNTOFVIEW_OPTIMIZATION
SQLITE_COVERAGE_TEST
SQLITE_CREATE_INDEX
SQLITE_CREATE_TABLE
SQLITE_CREATE_TEMP_INDEX
SQLITE_CREATE_TEMP_TABLE
SQLITE_CREATE_TEMP_TRIGGER
SQLITE_CREATE_TEMP_VIEW
SQLITE_CREATE_TRIGGER
SQLITE_CREATE_VIEW
SQLITE_CREATE_VTABLE
SQLITE_CUSTOM_INCLUDE
SQLITE_DBCONFIG_DEFENSIVE
SQLITE_DBCONFIG_DQS_DDL
SQLITE_DBCONFIG_DQS_DML
SQLITE_DBCONFIG_ENABLE_FKEY
SQLITE_DBCONFIG_ENABLE_FTS3_TOKENIZER
SQLITE_DBCONFIG_ENABLE_LOAD_EXTENSION
SQLITE_DBCONFIG_ENABLE_QPSG
SQLITE_DBCONFIG_ENABLE_TRIGGER
SQLITE_DBCONFIG_ENABLE_VIEW
SQLITE_DBCONFIG_LEGACY_ALTER_TABLE
SQLITE_DBCONFIG_LEGACY_FILE_FORMAT
SQLITE_DBCONFIG_LOOKASIDE
SQLITE_DBCONFIG_MAINDBNAME
SQLITE_DBCONFIG_MAX
SQLITE_DBCONFIG_NO_CKPT_ON_CLOSE
SQLITE_DBCONFIG_RESET_DATABASE
SQLITE_DBCONFIG_TRIGGER_EQP
SQLITE_DBCONFIG_TRUSTED_SCHEMA
SQLITE_DBCONFIG_WRITABLE_SCHEMA
SQLITE_DBSTATUS_CACHE_HIT
SQLITE_DBSTATUS_CACHE_MISS
SQLITE_DBSTATUS_CACHE_SPILL
SQLITE_DBSTATUS_CACHE_USED
SQLITE_DBSTATUS_CACHE_USED_SHARED
SQLITE_DBSTATUS_CACHE_WRITE
SQLITE_DBSTATUS_DEFERRED_FKS
SQLITE_DBSTATUS_LOOKASIDE_HIT
SQLITE_DBSTATUS_LOOKASIDE_MISS_FULL
SQLITE_DBSTATUS_LOOKASIDE_MISS_SIZE
SQLITE_DBSTATUS_LOOKASIDE_USED
SQLITE_DBSTATUS_MAX
SQLITE_DBSTATUS_SCHEMA_USED
SQLITE_DBSTATUS_STMT_USED
SQLITE_DEBUG
SQLITE_DEBUG_OS_TRACE
SQLITE_DEBUG_SORTER_THREADS
SQLITE_DEFAULT_AUTOMATIC_INDEX
SQLITE_DEFAULT_AUTOVACUUM
SQLITE_DEFAULT_CACHE_SIZE
SQLITE_DEFAULT_CKPTFULLFSYNC
SQLITE_DEFAULT_DEFENSIVE
SQLITE_DEFAULT_FILE_FORMAT
SQLITE_DEFAULT_FILE_PERMISSIONS
SQLITE_DEFAULT_FOREIGN_KEYS
SQLITE_DEFAULT_JOURNAL_SIZE_LIMIT
SQLITE_DEFAULT_LEGACY_ALTER_TABLE
SQLITE_DEFAULT_LOCKING_MODE
SQLITE_DEFAULT_LOOKASIDE
SQLITE_DEFAULT_MEMSTATUS
SQLITE_DEFAULT_MMAP_SIZE
SQLITE_DEFAULT_PAGE_SIZE
SQLITE_DEFAULT_PCACHE_INITSZ
SQLITE_DEFAULT_PROXYDIR_PERMISSIONS
SQLITE_DEFAULT_RECURSIVE_TRIGGERS
SQLITE_DEFAULT_ROWEST
SQLITE_DEFAULT_SECTOR_SIZE
SQLITE_DEFAULT_SORTERREF_SIZE
SQLITE_DEFAULT_SYNCHRONOUS
SQLITE_DEFAULT_UNIX_VFS
SQLITE_DEFAULT_WAL_AUTOCHECKPOINT
SQLITE_DEFAULT_WAL_SYNCHRONOUS
SQLITE_DEFAULT_WORKER_THREADS
SQLITE_DELETE
SQLITE_DENY
SQLITE_DEPRECATED
SQLITE_DESERIALIZE_FREEONCLOSE
SQLITE_DESERIALIZE_READONLY
SQLITE_DESERIALIZE_RESIZEABLE
SQLITE_DETACH
SQLITE_DETERMINISTIC
SQLITE_DIRECTONLY
SQLITE_DIRECT_OVERFLOW_READ
SQLITE_DISABLE_DIRSYNC
SQLITE_DISABLE_FTS3_UNICODE
SQLITE_DISABLE_FTS4_DEFERRED
SQLITE_DISABLE_INTRINSIC
SQLITE_DISABLE_LFS
SQLITE_DISABLE_PAGECACHE_OVERFLOW_STATS
SQLITE_DISABLE_SKIPAHEAD_DISTINCT
SQLITE_DONE
SQLITE_DQS
SQLITE_DQS&1
SQLITE_DQS&2
SQLITE_DROP_INDEX
SQLITE_DROP_TABLE
SQLITE_DROP_TEMP_INDEX
SQLITE_DROP_TEMP_TABLE
SQLITE_DROP_TEMP_TRIGGER
SQLITE_DROP_TEMP_VIEW
SQLITE_DROP_TRIGGER
SQLITE_DROP_VIEW
SQLITE_DROP_VTABLE
SQLITE_DYNAMIC
SQLITE_EBCDIC
SQLITE_ECEL_DUP
SQLITE_ECEL_FACTOR
SQLITE_ECEL_OMITREF
SQLITE_ECEL_REF
SQLITE_EMPTY
SQLITE_ENABLE_8_3_NAMES
SQLITE_ENABLE_API_ARMOR
SQLITE_ENABLE_ATOMIC_WRITE
SQLITE_ENABLE_BATCH_ATOMIC_WRITE
SQLITE_ENABLE_BROKEN_FTS1
SQLITE_ENABLE_BROKEN_FTS2
SQLITE_ENABLE_BYTECODE_VTAB
SQLITE_ENABLE_CEROD
SQLITE_ENABLE_COLUMN_METADATA
SQLITE_ENABLE_COLUMN_USED_MASK
SQLITE_ENABLE_CORRUPT_PGNO
SQLITE_ENABLE_COSTMULT
SQLITE_ENABLE_CURSOR_HINTS
SQLITE_ENABLE_DBPAGE_VTAB
SQLITE_ENABLE_DBSTAT_VTAB
SQLITE_ENABLE_EXPENSIVE_ASSERT
SQLITE_ENABLE_EXPLAIN_COMMENTS
SQLITE_ENABLE_FTS1
SQLITE_ENABLE_FTS2
SQLITE_ENABLE_FTS3
SQLITE_ENABLE_FTS3_PARENTHESIS
SQLITE_ENABLE_FTS3_TOKENIZER
SQLITE_ENABLE_FTS4
SQLITE_ENABLE_FTS5
SQLITE_ENABLE_GEOPOLY
SQLITE_ENABLE_HIDDEN_COLUMNS
SQLITE_ENABLE_ICU
SQLITE_ENABLE_ICU_COLLATIONS
SQLITE_ENABLE_INTERNAL_FUNCTIONS
SQLITE_ENABLE_IOTRACE
SQLITE_ENABLE_LOAD_EXTENSION
SQLITE_ENABLE_LOCKING_STYLE
SQLITE_ENABLE_MATH_FUNCTIONS
SQLITE_ENABLE_MEMORY_MANAGEMENT
SQLITE_ENABLE_MEMSYS3
SQLITE_ENABLE_MEMSYS5
SQLITE_ENABLE_MODULE_COMMENTS
SQLITE_ENABLE_MULTIPLEX
SQLITE_ENABLE_MULTITHREADED_CHECKS
SQLITE_ENABLE_NOOP_UPDATE
SQLITE_ENABLE_NORMALIZE
SQLITE_ENABLE_NULL_TRIM
SQLITE_ENABLE_OFFSET_SQL_FUNC
SQLITE_ENABLE_OVERSIZE_CELL_CHECK
SQLITE_ENABLE_PREUPDATE_HOOK
SQLITE_ENABLE_QPSG
SQLITE_ENABLE_RBU
SQLITE_ENABLE_RTREE
SQLITE_ENABLE_SELECTTRACE
SQLITE_ENABLE_SESSION
SQLITE_ENABLE_SETLK_TIMEOUT
SQLITE_ENABLE_SNAPSHOT
SQLITE_ENABLE_SORTER_MMAP
SQLITE_ENABLE_SORTER_REFERENCES
SQLITE_ENABLE_SQLLOG
SQLITE_ENABLE_STAT4
SQLITE_ENABLE_STMTVTAB
SQLITE_ENABLE_STMT_SCANSTATUS
SQLITE_ENABLE_TREETRACE
SQLITE_ENABLE_UNKNOWN_SQL_FUNCTION
SQLITE_ENABLE_UNLOCK_NOTIFY
SQLITE_ENABLE_UPDATE_DELETE_LIMIT
SQLITE_ENABLE_URI_00_ERROR
SQLITE_ENABLE_VFSTRACE
SQLITE_ENABLE_WHERETRACE
SQLITE_ENABLE_ZIPVFS
SQLITE_ERROR
SQLITE_ERROR_MISSING_COLLSEQ
SQLITE_ERROR_RETRY
SQLITE_ERROR_SNAPSHOT
SQLITE_EVAL_WITHOUTNULLS
SQLITE_EXPERIMENTAL
SQLITE_EXPLAIN_ESTIMATED_ROWS
SQLITE_EXTENSION_EXPORT
SQLITE_EXTENSION_INIT1
SQLITE_EXTENSION_INIT2
SQLITE_EXTENSION_INIT3
SQLITE_EXTERN
SQLITE_EXTRA_DURABLE
SQLITE_EXTRA_IFNULLROW
SQLITE_EXTRA_INIT
SQLITE_EXTRA_SHUTDOWN
SQLITE_FAIL
SQLITE_FAST_SECURE_DELETE
SQLITE_FAULTINJECTOR_COUNT
SQLITE_FAULTINJECTOR_MALLOC
SQLITE_FCNTL_BEGIN_ATOMIC_WRITE
SQLITE_FCNTL_BUSYHANDLER
SQLITE_FCNTL_CHUNK_SIZE
SQLITE_FCNTL_CKPT_DONE
SQLITE_FCNTL_CKPT_START
SQLITE_FCNTL_CKSM_FILE
SQLITE_FCNTL_COMMIT_ATOMIC_WRITE
SQLITE_FCNTL_COMMIT_PHASETWO
SQLITE_FCNTL_DATA_VERSION
SQLITE_FCNTL_DB_UNCHANGED
SQLITE_FCNTL_EXTERNAL_READER
SQLITE_FCNTL_FILE_POINTER
SQLITE_FCNTL_GET_LOCKPROXYFILE
SQLITE_FCNTL_HAS_MOVED
SQLITE_FCNTL_JOURNAL_POINTER
SQLITE_FCNTL_LAST_ERRNO
SQLITE_FCNTL_LOCKSTATE
SQLITE_FCNTL_LOCK_TIMEOUT
SQLITE_FCNTL_MMAP_SIZE
SQLITE_FCNTL_OVERWRITE
SQLITE_FCNTL_PDB
SQLITE_FCNTL_PERSIST_WAL
SQLITE_FCNTL_POWERSAFE_OVERWRITE
SQLITE_FCNTL_PRAGMA
SQLITE_FCNTL_RBU
SQLITE_FCNTL_RBUCNT
SQLITE_FCNTL_RESERVE_BYTES
SQLITE_FCNTL_RESET_CACHE
SQLITE_FCNTL_ROLLBACK_ATOMIC_WRITE
SQLITE_FCNTL_SET_LOCKPROXYFILE
SQLITE_FCNTL_SIZE_HINT
SQLITE_FCNTL_SIZE_LIMIT
SQLITE_FCNTL_SYNC
SQLITE_FCNTL_SYNC_OMITTED
SQLITE_FCNTL_TEMPFILENAME
SQLITE_FCNTL_TRACE
SQLITE_FCNTL_VFSNAME
SQLITE_FCNTL_VFS_POINTER
SQLITE_FCNTL_WAL_BLOCK
SQLITE_FCNTL_WIN32_AV_RETRY
SQLITE_FCNTL_WIN32_GET_HANDLE
SQLITE_FCNTL_WIN32_SET_HANDLE
SQLITE_FCNTL_ZIPVFS
SQLITE_FEATURES_CONFIG_H
SQLITE_FILE_HEADER
SQLITE_FLOAT
SQLITE_FORCE_OS_TRACE
SQLITE_FORMAT
SQLITE_FP_PRECISION_LIMIT
SQLITE_FRAME_MAGIC
SQLITE_FREE
SQLITE_FSFLAGS_IS_MSDOS
SQLITE_FTS3_DEFAULT_NEAR_PARAM
SQLITE_FTS3_MAX_EXPR_DEPTH
SQLITE_FTS5_ENABLE_TEST_MI
SQLITE_FTS5_NO_WITHOUT_ROWID
SQLITE_FULL
SQLITE_FUNCTION
SQLITE_FUNC_ANYORDER
SQLITE_FUNC_BUILTIN
SQLITE_FUNC_CASE
SQLITE_FUNC_CONSTANT
SQLITE_FUNC_COUNT
SQLITE_FUNC_DIRECT
SQLITE_FUNC_ENCMASK
SQLITE_FUNC_EPHEM
SQLITE_FUNC_HASH
SQLITE_FUNC_HASH_SZ
SQLITE_FUNC_INLINE
SQLITE_FUNC_INTERNAL
SQLITE_FUNC_LENGTH
SQLITE_FUNC_LIKE
SQLITE_FUNC_MINMAX
SQLITE_FUNC_NEEDCOLL
SQLITE_FUNC_SLOCHNG
SQLITE_FUNC_SUBTYPE
SQLITE_FUNC_TEST
SQLITE_FUNC_TYPEOF
SQLITE_FUNC_UNLIKELY
SQLITE_FUNC_UNSAFE
SQLITE_FUNC_WINDOW
SQLITE_GET_LOCKPROXYFILE
SQLITE_GIMME_SEEARGS
SQLITE_HASH_H
SQLITE_HAVE_C99_MATH_FUNCS
SQLITE_HAVE_ISNAN
SQLITE_HAVE_OS_TRACE
SQLITE_HAVE_SQLITE3R
SQLITE_HAVE_ZLIB
SQLITE_HOMEGROWN_RECURSIVE_MUTEX
SQLITE_HWTIME_H
SQLITE_ICU_READ_UTF8
SQLITE_ICU_SKIP_UTF8
SQLITE_IDXTYPE_APPDEF
SQLITE_IDXTYPE_IPK
SQLITE_IDXTYPE_PRIMARYKEY
SQLITE_IDXTYPE_UNIQUE
SQLITE_IGNORE
SQLITE_IGNORE_AFP_LOCK_ERRORS
SQLITE_IGNORE_FLOCK_LOCK_ERRORS
SQLITE_INDEX_CONSTRAINT_EQ
SQLITE_INDEX_CONSTRAINT_FUNCTION
SQLITE_INDEX_CONSTRAINT_GE
SQLITE_INDEX_CONSTRAINT_GLOB
SQLITE_INDEX_CONSTRAINT_GT
SQLITE_INDEX_CONSTRAINT_IS
SQLITE_INDEX_CONSTRAINT_ISNOT
SQLITE_INDEX_CONSTRAINT_ISNOTNULL
SQLITE_INDEX_CONSTRAINT_ISNULL
SQLITE_INDEX_CONSTRAINT_LE
SQLITE_INDEX_CONSTRAINT_LIKE
SQLITE_INDEX_CONSTRAINT_LIMIT
SQLITE_INDEX_CONSTRAINT_LT
SQLITE_INDEX_CONSTRAINT_MATCH
SQLITE_INDEX_CONSTRAINT_NE
SQLITE_INDEX_CONSTRAINT_OFFSET
SQLITE_INDEX_CONSTRAINT_REGEXP
SQLITE_INDEX_SCAN_UNIQUE
SQLITE_INLINE_MEMCPY
SQLITE_INNOCUOUS
SQLITE_INSERT
SQLITE_INT64_TYPE
SQLITE_INTEGER
SQLITE_INTEGRITY_CHECK_ERROR_MAX
SQLITE_INTERNAL
SQLITE_INTERRUPT
SQLITE_INT_TO_PTR
SQLITE_IOCAP_ATOMIC
SQLITE_IOCAP_ATOMIC16K
SQLITE_IOCAP_ATOMIC1K
SQLITE_IOCAP_ATOMIC2K
SQLITE_IOCAP_ATOMIC32K
SQLITE_IOCAP_ATOMIC4K
SQLITE_IOCAP_ATOMIC512
SQLITE_IOCAP_ATOMIC64K
SQLITE_IOCAP_ATOMIC8K
SQLITE_IOCAP_BATCH_ATOMIC
SQLITE_IOCAP_IMMUTABLE
SQLITE_IOCAP_POWERSAFE_OVERWRITE
SQLITE_IOCAP_SAFE_APPEND
SQLITE_IOCAP_SEQUENTIAL
SQLITE_IOCAP_UNDELETABLE_WHEN_OPEN
SQLITE_IOERR
SQLITE_IOERR_ACCESS
SQLITE_IOERR_AUTH
SQLITE_IOERR_BEGIN_ATOMIC
SQLITE_IOERR_BLOCKED
SQLITE_IOERR_CHECKRESERVEDLOCK
SQLITE_IOERR_CLOSE
SQLITE_IOERR_COMMIT_ATOMIC
SQLITE_IOERR_CONVPATH
SQLITE_IOERR_CORRUPTFS
SQLITE_IOERR_DATA
SQLITE_IOERR_DELETE
SQLITE_IOERR_DELETE_NOENT
SQLITE_IOERR_DIR_CLOSE
SQLITE_IOERR_DIR_FSYNC
SQLITE_IOERR_FSTAT
SQLITE_IOERR_FSYNC
SQLITE_IOERR_GETTEMPPATH
SQLITE_IOERR_LOCK
SQLITE_IOERR_MMAP
SQLITE_IOERR_NOMEM
SQLITE_IOERR_NOMEM_BKPT
SQLITE_IOERR_RDLOCK
SQLITE_IOERR_READ
SQLITE_IOERR_ROLLBACK_ATOMIC
SQLITE_IOERR_SEEK
SQLITE_IOERR_SHMLOCK
SQLITE_IOERR_SHMMAP
SQLITE_IOERR_SHMOPEN
SQLITE_IOERR_SHMSIZE
SQLITE_IOERR_SHORT_READ
SQLITE_IOERR_TRUNCATE
SQLITE_IOERR_UNLOCK
SQLITE_IOERR_VNODE
SQLITE_IOERR_WRITE
SQLITE_JUMPIFNULL
SQLITE_KVOS_SZ
SQLITE_KV_LOG
SQLITE_KV_TRACE
SQLITE_LAST_ERRNO
SQLITE_LIKE_DOESNT_MATCH_BLOBS
SQLITE_LIMIT_ATTACHED
SQLITE_LIMIT_COLUMN
SQLITE_LIMIT_COMPOUND_SELECT
SQLITE_LIMIT_EXPR_DEPTH
SQLITE_LIMIT_FUNCTION_ARG
SQLITE_LIMIT_LENGTH
SQLITE_LIMIT_LIKE_PATTERN_LENGTH
SQLITE_LIMIT_SQL_LENGTH
SQLITE_LIMIT_TRIGGER_DEPTH
SQLITE_LIMIT_VARIABLE_NUMBER
SQLITE_LIMIT_VDBE_OP
SQLITE_LIMIT_WORKER_THREADS
SQLITE_LITTLEENDIAN
SQLITE_LOCKED
SQLITE_LOCKED_SHAREDCACHE
SQLITE_LOCKED_VTAB
SQLITE_LOCKFILEEX_FLAGS
SQLITE_LOCKFILE_FLAGS
SQLITE_LOCK_EXCLUSIVE
SQLITE_LOCK_NONE
SQLITE_LOCK_PENDING
SQLITE_LOCK_RESERVED
SQLITE_LOCK_SHARED
SQLITE_LOCK_TRACE
SQLITE_LOG_CACHE_SPILL
SQLITE_MALLOC
SQLITE_MALLOCSIZE
SQLITE_MALLOC_SOFT_LIMIT
SQLITE_MATCH
SQLITE_MAX_ALLOCATION_SIZE
SQLITE_MAX_ATTACHED
SQLITE_MAX_COLUMN
SQLITE_MAX_COMPOUND_SELECT
SQLITE_MAX_DB
SQLITE_MAX_DEFAULT_PAGE_SIZE
SQLITE_MAX_EXPR_DEPTH
SQLITE_MAX_FILE_FORMAT
SQLITE_MAX_FUNCTION_ARG
SQLITE_MAX_LENGTH
SQLITE_MAX_LIKE_PATTERN_LENGTH
SQLITE_MAX_MEMORY
SQLITE_MAX_MMAP_SIZE
SQLITE_MAX_MMAP_SIZE_
SQLITE_MAX_PAGE_COUNT
SQLITE_MAX_PAGE_SIZE
SQLITE_MAX_PATHLEN
SQLITE_MAX_PMASZ
SQLITE_MAX_PREPARE_RETRY
SQLITE_MAX_SCHEMA_RETRY
SQLITE_MAX_SQL_LENGTH
SQLITE_MAX_SRCLIST
SQLITE_MAX_SYMLINK
SQLITE_MAX_SYMLINKS
SQLITE_MAX_TRIGGER_DEPTH
SQLITE_MAX_U32
SQLITE_MAX_VARIABLE_NUMBER
SQLITE_MAX_VDBE_OP
SQLITE_MAX_WORKER_THREADS
SQLITE_MEMDB_DEFAULT_MAXSIZE
SQLITE_MEMDEBUG
SQLITE_MEMORY_BARRIER
SQLITE_MFS_EXCLUSIVE
SQLITE_MFS_NSHARD
SQLITE_MIGHT_BE_SINGLE_CORE
SQLITE_MINIMUM_FILE_DESCRIPTOR
SQLITE_MISMATCH
SQLITE_MISUSE
SQLITE_MISUSE_BKPT
SQLITE_MIXED_ENDIAN_64BIT_FLOAT
SQLITE_MMAP_READWRITE
SQLITE_MSVC_H
SQLITE_MUTATION_TEST
SQLITE_MUTEXFREE_SHMLOCK
SQLITE_MUTEX_FAST
SQLITE_MUTEX_NOOP
SQLITE_MUTEX_NREF
SQLITE_MUTEX_OMIT
SQLITE_MUTEX_PTHREADS
SQLITE_MUTEX_RECURSIVE
SQLITE_MUTEX_STATIC_APP1
SQLITE_MUTEX_STATIC_APP2
SQLITE_MUTEX_STATIC_APP3
SQLITE_MUTEX_STATIC_LRU
SQLITE_MUTEX_STATIC_LRU2
SQLITE_MUTEX_STATIC_MAIN
SQLITE_MUTEX_STATIC_MASTER
SQLITE_MUTEX_STATIC_MEM
SQLITE_MUTEX_STATIC_MEM2
SQLITE_MUTEX_STATIC_OPEN
SQLITE_MUTEX_STATIC_PMEM
SQLITE_MUTEX_STATIC_PRNG
SQLITE_MUTEX_STATIC_TEMPDIR
SQLITE_MUTEX_STATIC_VFS1
SQLITE_MUTEX_STATIC_VFS2
SQLITE_MUTEX_STATIC_VFS3
SQLITE_MUTEX_W32
SQLITE_MUTEX_WARNONCONTENTION
SQLITE_MX_JUMP_OPCODE
SQLITE_NEED_ERR_NAME
SQLITE_NOHAVE_SYSTEM
SQLITE_NOINLINE
SQLITE_NOLFS
SQLITE_NOMATCH
SQLITE_NOMEM
SQLITE_NOMEM_BKPT
SQLITE_NOTADB
SQLITE_NOTFOUND
SQLITE_NOTICE
SQLITE_NOTICE_RBU
SQLITE_NOTICE_RECOVER_ROLLBACK
SQLITE_NOTICE_RECOVER_WAL
SQLITE_NOTNULL
SQLITE_NOWILDCARDMATCH
SQLITE_NO_SYNC
SQLITE_NO_TSAN
SQLITE_NTUNE
SQLITE_NULL
SQLITE_NULLEQ
SQLITE_N_BTREE_META
SQLITE_N_KEYWORD
SQLITE_N_LIMIT
SQLITE_N_STDTYPE
SQLITE_OK
SQLITE_OK_LOAD_PERMANENTLY
SQLITE_OK_SYMLINK
SQLITE_OMIT_ALTERTABLE
SQLITE_OMIT_ANALYZE
SQLITE_OMIT_ATTACH
SQLITE_OMIT_AUTHORIZATION
SQLITE_OMIT_AUTOINCREMENT
SQLITE_OMIT_AUTOINIT
SQLITE_OMIT_AUTOMATIC_INDEX
SQLITE_OMIT_AUTORESET
SQLITE_OMIT_AUTOVACUUM
SQLITE_OMIT_AUXILIARY_SAFETY_CHECKS
SQLITE_OMIT_BETWEEN_OPTIMIZATION
SQLITE_OMIT_BLOB_LITERAL
SQLITE_OMIT_CASE_SENSITIVE_LIKE_PRAGMA
SQLITE_OMIT_CAST
SQLITE_OMIT_CHECK
SQLITE_OMIT_COMPILEOPTION_DIAGS
SQLITE_OMIT_COMPLETE
SQLITE_OMIT_COMPLETE.
SQLITE_OMIT_COMPOUND_SELECT
SQLITE_OMIT_CONCURRENT
SQLITE_OMIT_CONFLICT_CLAUSE
SQLITE_OMIT_CTE
SQLITE_OMIT_DATETIME_FUNCS
SQLITE_OMIT_DECLTYPE
SQLITE_OMIT_DEPRECATED
SQLITE_OMIT_DESERIALIZE
SQLITE_OMIT_DISKIO
SQLITE_OMIT_DYNAPROMPT
SQLITE_OMIT_EXPLAIN
SQLITE_OMIT_FLAG_PRAGMAS
SQLITE_OMIT_FLOATING_POINT
SQLITE_OMIT_FOREIGN_KEY
SQLITE_OMIT_GENERATED_COLUMNS
SQLITE_OMIT_GET_TABLE
SQLITE_OMIT_HEX_INTEGER
SQLITE_OMIT_INCRBLOB
SQLITE_OMIT_INTEGRITY_CHECK
SQLITE_OMIT_INTROSPECTION_PRAGMAS
SQLITE_OMIT_JSON
SQLITE_OMIT_LIKE_OPTIMIZATION
SQLITE_OMIT_LOAD_EXTENSION
SQLITE_OMIT_LOCALTIME
SQLITE_OMIT_LOOKASIDE
SQLITE_OMIT_MEMORYDB
SQLITE_OMIT_OR_OPTIMIZATION
SQLITE_OMIT_PAGER_PRAGMAS
SQLITE_OMIT_PARSER_TRACE
SQLITE_OMIT_POPEN
SQLITE_OMIT_PRAGMA
SQLITE_OMIT_PROGRESS_CALLBACK
SQLITE_OMIT_QUICKBALANCE
SQLITE_OMIT_RANDOMNESS
SQLITE_OMIT_REINDEX
SQLITE_OMIT_SCHEMA_PRAGMAS
SQLITE_OMIT_SCHEMA_VERSION_PRAGMAS
SQLITE_OMIT_SHARED_CACHE
SQLITE_OMIT_SHUTDOWN_DIRECTORIES
SQLITE_OMIT_SUBQUERY
SQLITE_OMIT_TCL_VARIABLE
SQLITE_OMIT_TEMPDB
SQLITE_OMIT_TEST_CONTROL
SQLITE_OMIT_TRACE
SQLITE_OMIT_TRIGGER
SQLITE_OMIT_TRUNCATE_OPTIMIZATION
SQLITE_OMIT_TWOSIZE_LOOKASIDE
SQLITE_OMIT_UPSERT
SQLITE_OMIT_UTF16
SQLITE_OMIT_VACUUM
SQLITE_OMIT_VIEW
SQLITE_OMIT_VIRTUALTABLE
SQLITE_OMIT_VIRTUAL_TABLE
SQLITE_OMIT_WAL
SQLITE_OMIT_WINDOWFUNC
SQLITE_OMIT_WSD
SQLITE_OMIT_XFER_OPT
SQLITE_OPEN_AUTOPROXY
SQLITE_OPEN_CREATE
SQLITE_OPEN_DELETEONCLOSE
SQLITE_OPEN_EXCLUSIVE
SQLITE_OPEN_EXRESCODE
SQLITE_OPEN_FULLMUTEX
SQLITE_OPEN_MAIN_DB
SQLITE_OPEN_MAIN_JOURNAL
SQLITE_OPEN_MASTER_JOURNAL
SQLITE_OPEN_MEMORY
SQLITE_OPEN_NOFOLLOW
SQLITE_OPEN_NOMUTEX
SQLITE_OPEN_PRIVATECACHE
SQLITE_OPEN_READONLY
SQLITE_OPEN_READWRITE
SQLITE_OPEN_SHAREDCACHE
SQLITE_OPEN_SUBJOURNAL
SQLITE_OPEN_SUPER_JOURNAL
SQLITE_OPEN_TEMP_DB
SQLITE_OPEN_TEMP_JOURNAL
SQLITE_OPEN_TRANSIENT_DB
SQLITE_OPEN_URI
SQLITE_OPEN_WAL
SQLITE_OS_KV
SQLITE_OS_KV_ALWAYS_LOCAL
SQLITE_OS_KV_OPTIONAL
SQLITE_OS_OTHER
SQLITE_OS_SETUP_H
SQLITE_OS_TRACE_PROC
SQLITE_OS_UNIX
SQLITE_OS_WIN
SQLITE_OS_WINCE
SQLITE_OS_WINNT
SQLITE_OS_WINRT
SQLITE_OS_WIN_H
SQLITE_OS_WIN_THREADS
SQLITE_PAGER_H
SQLITE_PERFORMANCE_TRACE
SQLITE_PERM
SQLITE_POWERSAFE_OVERWRITE
SQLITE_PRAGMA
SQLITE_PREFER_PROXY_LOCKING
SQLITE_PREPARE_MASK
SQLITE_PREPARE_NORMALIZE
SQLITE_PREPARE_NO_VTAB
SQLITE_PREPARE_PERSISTENT
SQLITE_PREPARE_SAVESQL
SQLITE_PRINTF_INTERNAL
SQLITE_PRINTF_MALLOCED
SQLITE_PRINTF_PRECISION_LIMIT
SQLITE_PRINTF_SQLFUNC
SQLITE_PRINT_BUF_SIZE
SQLITE_PRIVATE
SQLITE_PROTOCOL
SQLITE_PROXY_DEBUG
SQLITE_PTRSIZE
SQLITE_PTR_TO_INT
SQLITE_QUERY_PLANNER_LIMIT
SQLITE_QUERY_PLANNER_LIMIT_INCR
SQLITE_RANGE
SQLITE_RBU_STATE_CHECKPOINT
SQLITE_RBU_STATE_DONE
SQLITE_RBU_STATE_ERROR
SQLITE_RBU_STATE_MOVE
SQLITE_RBU_STATE_OAL
SQLITE_RBU_UPDATE_CACHESIZE
SQLITE_READ
SQLITE_READONLY
SQLITE_READONLY_CANTINIT
SQLITE_READONLY_CANTLOCK
SQLITE_READONLY_DBMOVED
SQLITE_READONLY_DIRECTORY
SQLITE_READONLY_RECOVERY
SQLITE_READONLY_ROLLBACK
SQLITE_REALLOC
SQLITE_RECOMMENDED_OPTIONS
SQLITE_RECOVER_FREELIST_CORRUPT
SQLITE_RECOVER_LOST_AND_FOUND
SQLITE_RECOVER_ROWIDS
SQLITE_RECOVER_SLOWINDEXES
SQLITE_RECOVER_TESTDB
SQLITE_RECURSIVE
SQLITE_REINDEX
SQLITE_REPLACE
SQLITE_REPLACE_INVALID_UTF
SQLITE_RESOURCE_VERSION
SQLITE_REVERSE_UNORDERED_SELECTS
SQLITE_ROLLBACK
SQLITE_ROW
SQLITE_RTREE_INT_ONLY
SQLITE_SAFER_WALINDEX_RECOVERY
SQLITE_SAVEPOINT
SQLITE_SCANSTAT_COMPLEX
SQLITE_SCANSTAT_EST
SQLITE_SCANSTAT_EXPLAIN
SQLITE_SCANSTAT_NAME
SQLITE_SCANSTAT_NCYCLE
SQLITE_SCANSTAT_NLOOP
SQLITE_SCANSTAT_NVISIT
SQLITE_SCANSTAT_PARENTID
SQLITE_SCANSTAT_SELECTID
SQLITE_SCHEMA
SQLITE_SECURE_DELETE
SQLITE_SELECT
SQLITE_SERIALIZE_NOCOPY
SQLITE_SERIES_CONSTRAINT_VERIFY
SQLITE_SESSION_CONFIG_STRMSIZE
SQLITE_SESSION_OBJCONFIG_SIZE
SQLITE_SET_LOCKPROXYFILE
SQLITE_SHARED_MAPPING
SQLITE_SHELL_DBNAME_PROC
SQLITE_SHELL_EXTFUNCS
SQLITE_SHELL_EXTSRC
SQLITE_SHELL_FIDDLE
SQLITE_SHELL_HAVE_RECOVER
SQLITE_SHELL_INIT_PROC
SQLITE_SHELL_IS_UTF8
SQLITE_SHM_DIRECTORY
SQLITE_SHM_EXCLUSIVE
SQLITE_SHM_LOCK
SQLITE_SHM_NLOCK
SQLITE_SHM_SHARED
SQLITE_SHM_UNLOCK
SQLITE_SKIP_UTF8
SQLITE_SMALL_STACK
SQLITE_SORTER_PMASZ
SQLITE_SOUNDEX
SQLITE_SOURCE_ID
SQLITE_SO_ASC
SQLITE_SO_DESC
SQLITE_SO_UNDEFINED
SQLITE_STAT4_SAMPLES
SQLITE_STATE_BUSY
SQLITE_STATE_CLOSED
SQLITE_STATE_ERROR
SQLITE_STATE_OPEN
SQLITE_STATE_SICK
SQLITE_STATE_ZOMBIE
SQLITE_STATIC
SQLITE_STATUS_MALLOC_COUNT
SQLITE_STATUS_MALLOC_SIZE
SQLITE_STATUS_MEMORY_USED
SQLITE_STATUS_PAGECACHE_OVERFLOW
SQLITE_STATUS_PAGECACHE_SIZE
SQLITE_STATUS_PAGECACHE_USED
SQLITE_STATUS_PARSER_STACK
SQLITE_STATUS_SCRATCH_OVERFLOW
SQLITE_STATUS_SCRATCH_SIZE
SQLITE_STATUS_SCRATCH_USED
SQLITE_STDCALL
SQLITE_STMTJRNL_SPILL
SQLITE_STMTSTATUS_AUTOINDEX
SQLITE_STMTSTATUS_FILTER_HIT
SQLITE_STMTSTATUS_FILTER_MISS
SQLITE_STMTSTATUS_FULLSCAN_STEP
SQLITE_STMTSTATUS_MEMUSED
SQLITE_STMTSTATUS_REPREPARE
SQLITE_STMTSTATUS_RUN
SQLITE_STMTSTATUS_SORT
SQLITE_STMTSTATUS_VM_STEP
SQLITE_SUBSTR_COMPATIBILITY
SQLITE_SUBTYPE
SQLITE_SYNC_DATAONLY
SQLITE_SYNC_FULL
SQLITE_SYNC_NORMAL
SQLITE_SYSAPI
SQLITE_SYSTEM_MALLOC
SQLITE_TCL
SQLITE_TCLAPI
SQLITE_TCL_DEFAULT_FULLMUTEX
SQLITE_TCL_NRE
SQLITE_TEMP_FILE_PREFIX
SQLITE_TEMP_STORE
SQLITE_TEST
SQLITE_TESTCTRL_ALWAYS
SQLITE_TESTCTRL_ASSERT
SQLITE_TESTCTRL_BENIGN_MALLOC_HOOKS
SQLITE_TESTCTRL_BITVEC_TEST
SQLITE_TESTCTRL_BYTEORDER
SQLITE_TESTCTRL_EXPLAIN_STMT
SQLITE_TESTCTRL_EXTRA_SCHEMA_CHECKS
SQLITE_TESTCTRL_FAULT_INSTALL
SQLITE_TESTCTRL_FIRST
SQLITE_TESTCTRL_IMPOSTER
SQLITE_TESTCTRL_INTERNAL_FUNCTIONS
SQLITE_TESTCTRL_ISINIT
SQLITE_TESTCTRL_ISKEYWORD
SQLITE_TESTCTRL_LAST
SQLITE_TESTCTRL_LOCALTIME_FAULT
SQLITE_TESTCTRL_LOGEST
SQLITE_TESTCTRL_NEVER_CORRUPT
SQLITE_TESTCTRL_ONCE_RESET_THRESHOLD
SQLITE_TESTCTRL_OPTIMIZATIONS
SQLITE_TESTCTRL_PARSER_COVERAGE
SQLITE_TESTCTRL_PENDING_BYTE
SQLITE_TESTCTRL_PRNG_RESET
SQLITE_TESTCTRL_PRNG_RESTORE
SQLITE_TESTCTRL_PRNG_SAVE
SQLITE_TESTCTRL_PRNG_SEED
SQLITE_TESTCTRL_RESERVE
SQLITE_TESTCTRL_RESULT_INTREAL
SQLITE_TESTCTRL_SCRATCHMALLOC
SQLITE_TESTCTRL_SEEK_COUNT
SQLITE_TESTCTRL_SORTER_MMAP
SQLITE_TESTCTRL_TRACEFLAGS
SQLITE_TESTCTRL_TUNE
SQLITE_TESTCTRL_VDBE_COVERAGE
SQLITE_TEST_REALLOC_STRESS
SQLITE_TEXT
SQLITE_THREADSAFE
SQLITE_THREADS_IMPLEMENTED
SQLITE_TOKEN_KEYWORD
SQLITE_TOKEN_QUOTED
SQLITE_TOOBIG
SQLITE_TRACE_CLOSE
SQLITE_TRACE_LEGACY
SQLITE_TRACE_NONLEGACY_MASK
SQLITE_TRACE_PROFILE
SQLITE_TRACE_ROW
SQLITE_TRACE_SIZE_LIMIT
SQLITE_TRACE_STMT
SQLITE_TRACE_XPROFILE
SQLITE_TRANSACTION
SQLITE_TRANSIENT
SQLITE_TRUSTED_SCHEMA
SQLITE_TXN_NONE
SQLITE_TXN_READ
SQLITE_TXN_WRITE
SQLITE_UINT64_TYPE
SQLITE_UNLINK_AFTER_CLOSE
SQLITE_UNTESTABLE
SQLITE_UPDATE
SQLITE_USER_AUTHENTICATION
SQLITE_USE_ALLOCA
SQLITE_USE_FCNTL_TRACE
SQLITE_USE_MALLOC_H
SQLITE_USE_MALLOC_USABLE_SIZE
SQLITE_USE_MSIZE
SQLITE_USE_URI
SQLITE_UTF16
SQLITE_UTF16BE
SQLITE_UTF16LE
SQLITE_UTF16NATIVE
SQLITE_UTF16_ALIGNED
SQLITE_UTF8
SQLITE_UTF8,
SQLITE_VDBEINT_H
SQLITE_VDBE_COVERAGE
SQLITE_VDBE_H
SQLITE_VERSION
SQLITE_VERSION_NUMBER
SQLITE_VTAB_CONSTRAINT_SUPPORT
SQLITE_VTAB_DIRECTONLY
SQLITE_VTAB_INNOCUOUS
SQLITE_W32_MUTEX_INITIALIZER
SQLITE_W32_MUTEX_INITIALIZER,
SQLITE_WAL_H
SQLITE_WARNING
SQLITE_WARNING_AUTOINDEX
SQLITE_WASM
SQLITE_WHEREINT_H
SQLITE_WIN32_CACHE_SIZE
SQLITE_WIN32_CREATEFILEMAPPINGA
SQLITE_WIN32_DATA_DIRECTORY_TYPE
SQLITE_WIN32_DBG_BUF_SIZE
SQLITE_WIN32_FILEMAPPING_API
SQLITE_WIN32_GETVERSIONEX
SQLITE_WIN32_HAS_ANSI
SQLITE_WIN32_HAS_WIDE
SQLITE_WIN32_HAS_WIDE\
SQLITE_WIN32_HEAP_CREATE
SQLITE_WIN32_HEAP_FLAGS
SQLITE_WIN32_HEAP_INIT_EXTRA
SQLITE_WIN32_HEAP_INIT_SIZE
SQLITE_WIN32_HEAP_MAX_INIT_SIZE
SQLITE_WIN32_HEAP_MAX_SIZE
SQLITE_WIN32_IOERR_RETRY
SQLITE_WIN32_IOERR_RETRY_DELAY
SQLITE_WIN32_MALLOC
SQLITE_WIN32_MALLOC_VALIDATE
SQLITE_WIN32_MAX_CACHE_SIZE
SQLITE_WIN32_MAX_ERRMSG_CHARS
SQLITE_WIN32_MAX_PATH_BYTES
SQLITE_WIN32_MAX_PATH_CHARS
SQLITE_WIN32_MAX_PATH_CHARS*4
SQLITE_WIN32_MUTEX_TRACE_DYNAMIC
SQLITE_WIN32_MUTEX_TRACE_STATIC
SQLITE_WIN32_NO_ANSI
SQLITE_WIN32_NO_OVERLAPPED
SQLITE_WIN32_TEMP_DIRECTORY_TYPE
SQLITE_WIN32_USE_UUID
SQLITE_WIN32_VOLATILE
SQLITE_WINDIRENT_H
SQLITE_WINNT_MAX_PATH_BYTES
SQLITE_WINNT_MAX_PATH_CHARS
SQLITE_WITHIN
SQLITE_WITHOUT_MSIZE
SQLITE_WITHOUT_ZONEMALLOC
SQLITE_WSD
SQLITE_ZERO_MALLOC
